build/app/outputs/mapping/release/usage.txt
kotlin.jvm.internal.TypeReference$WhenMappings
androidx.core.content.ContextCompat
androidx.annotation.Dimension
androidx.core.widget.EdgeEffectCompat
androidx.core.view.accessibility.AccessibilityViewCommand$SetSelectionArguments
kotlin.jvm.functions.Function18
kotlin.io.LinesSequence
kotlin.text.CharsKt__CharKt
androidx.versionedparcelable.VersionedParcel$ParcelException
kotlin.collections.unsigned.UArraysKt___UArraysKt$withIndex$2
kotlin.jvm.internal.ArrayBooleanIterator
kotlin.sequences.SequenceScope
androidx.fragment.app.FragmentTransition$1
kotlin.contracts.CallsInPlace
androidx.lifecycle.ReportFragment$ActivityInitializationListener
androidx.core.app.ActivityCompat$1
androidx.core.app.NotificationCompat$Action$Builder
kotlin.ranges.UIntRange$Companion
io.flutter.view.FlutterMain$Settings
kotlin.sequences.SequencesKt___SequencesKt$minus$2
androidx.core.os.UserManagerCompat
org.intellij.lang.annotations.PrintFormat
androidx.core.util.AtomicFile
androidx.lifecycle.LiveData:
    public void <init>()
    private void considerNotify(androidx.lifecycle.LiveData$ObserverWrapper)
    private static void assertMainThread(java.lang.String)
    static void <clinit>()
    public void observe(androidx.lifecycle.LifecycleOwner,androidx.lifecycle.Observer)
    public void observeForever(androidx.lifecycle.Observer)
    public void removeObservers(androidx.lifecycle.LifecycleOwner)
    protected void postValue(java.lang.Object)
    protected void setValue(java.lang.Object)
    public java.lang.Object getValue()
    int getVersion()
    public boolean hasObservers()
    public boolean hasActiveObservers()
    final java.lang.Object mDataLock
    private androidx.arch.core.internal.SafeIterableMap mObservers
    private volatile java.lang.Object mData
    volatile java.lang.Object mPendingData
    private int mVersion
    private boolean mDispatchingValue
    private boolean mDispatchInvalidated
    private final java.lang.Runnable mPostValueRunnable
    static final int START_VERSION
    static final java.lang.Object NOT_SET
androidx.annotation.CallSuper
kotlin.ULongArrayKt
kotlin.coroutines.CoroutineContext$Element$DefaultImpls
androidx.loader.R$layout
androidx.core.view.ViewPropertyAnimatorCompat$1
kotlin.UShort$Companion
io.flutter.embedding.engine.loader.ResourceExtractor$1
kotlin.jvm.internal.ArrayByteIterator
kotlin.collections.ArraysKt___ArraysKt$asIterable$$inlined$Iterable$9
kotlin.reflect.KProperty1
kotlin.sequences.SequencesKt___SequencesKt$elementAt$1
androidx.fragment.app.FragmentTransition$FragmentContainerTransition
kotlin.collections.MapsKt___MapsKt
kotlin.jvm.internal.PropertyReference2Impl
androidx.customview.widget.ExploreByTouchHelper$MyNodeProvider
kotlin.text.CharsetsKt
androidx.core.app.ShareCompat$IntentBuilder
androidx.fragment.app.FragmentManagerNonConfig
androidx.viewpager.widget.ViewPager$OnPageChangeListener
kotlin.coroutines.experimental.CoroutineContext$DefaultImpls
io.flutter.embedding.engine.plugins.broadcastreceiver.BroadcastReceiverPluginBinding
kotlin.sequences.IndexingSequence$iterator$1
androidx.core.app.SharedElementCallback$OnSharedElementsReadyListener
androidx.core.view.MenuCompat
kotlin.reflect.KParameter
androidx.core.view.MenuItemCompat
kotlin.ULong$Companion
kotlin.ranges.IntRange
io.flutter.plugin.common.ActivityLifecycleListener
kotlin.collections.IndexingIterator
androidx.loader.content.Loader$OnLoadCompleteListener
androidx.core.view.GestureDetectorCompat$GestureDetectorCompatImplBase
io.flutter.view.FlutterView$SurfaceTextureRegistryEntry
androidx.lifecycle.Transformations
kotlin.coroutines.experimental.RestrictsSuspension
kotlin.collections.SlidingWindowKt$windowedSequence$$inlined$Sequence$1
androidx.customview.R$integer
org.intellij.lang.annotations.JdkConstants$BoxLayoutAxis
androidx.core.widget.AutoSizeableTextView
androidx.fragment.app.FragmentTransitionCompat21$2
androidx.core.app.TaskStackBuilder
androidx.versionedparcelable.VersionedParcelStream